e:\stuff\doxs\atm\anul 4\licenta\recover\recoveryapp\recoveryapp\debug\vc142.pdb
e:\stuff\doxs\atm\anul 4\licenta\recover\recoveryapp\recoveryapp\debug\vc142.idb
e:\stuff\doxs\atm\anul 4\licenta\recover\recoveryapp\recoveryapp\debug\main.obj
e:\stuff\doxs\atm\anul 4\licenta\recover\recoveryapp\recoveryapp\debug\devicemanager.obj
e:\stuff\doxs\atm\anul 4\licenta\recover\recoveryapp\recoveryapp\debug\cpartition.obj
e:\stuff\doxs\atm\anul 4\licenta\recover\recoveryapp\recoveryapp\debug\workers.obj
e:\stuff\doxs\atm\anul 4\licenta\recover\recoveryapp\debug\recoveryapp.exe
e:\stuff\doxs\atm\anul 4\licenta\recover\recoveryapp\debug\recoveryapp.ilk
e:\stuff\doxs\atm\anul 4\licenta\recover\recoveryapp\debug\recoveryapp.pdb
e:\stuff\doxs\atm\anul 4\licenta\recover\recoveryapp\recoveryapp\debug\recoveryapp.tlog\cl.command.1.tlog
e:\stuff\doxs\atm\anul 4\licenta\recover\recoveryapp\recoveryapp\debug\recoveryapp.tlog\cl.read.1.tlog
e:\stuff\doxs\atm\anul 4\licenta\recover\recoveryapp\recoveryapp\debug\recoveryapp.tlog\cl.write.1.tlog
e:\stuff\doxs\atm\anul 4\licenta\recover\recoveryapp\recoveryapp\debug\recoveryapp.tlog\link-cvtres.read.1.tlog
e:\stuff\doxs\atm\anul 4\licenta\recover\recoveryapp\recoveryapp\debug\recoveryapp.tlog\link-cvtres.write.1.tlog
e:\stuff\doxs\atm\anul 4\licenta\recover\recoveryapp\recoveryapp\debug\recoveryapp.tlog\link-rc.read.1.tlog
e:\stuff\doxs\atm\anul 4\licenta\recover\recoveryapp\recoveryapp\debug\recoveryapp.tlog\link-rc.write.1.tlog
e:\stuff\doxs\atm\anul 4\licenta\recover\recoveryapp\recoveryapp\debug\recoveryapp.tlog\link.6600-cvtres.read.1.tlog
e:\stuff\doxs\atm\anul 4\licenta\recover\recoveryapp\recoveryapp\debug\recoveryapp.tlog\link.6600-cvtres.write.1.tlog
e:\stuff\doxs\atm\anul 4\licenta\recover\recoveryapp\recoveryapp\debug\recoveryapp.tlog\link.6600-rc.read.1.tlog
e:\stuff\doxs\atm\anul 4\licenta\recover\recoveryapp\recoveryapp\debug\recoveryapp.tlog\link.6600-rc.write.1.tlog
e:\stuff\doxs\atm\anul 4\licenta\recover\recoveryapp\recoveryapp\debug\recoveryapp.tlog\link.6600.read.1.tlog
e:\stuff\doxs\atm\anul 4\licenta\recover\recoveryapp\recoveryapp\debug\recoveryapp.tlog\link.6600.write.1.tlog
e:\stuff\doxs\atm\anul 4\licenta\recover\recoveryapp\recoveryapp\debug\recoveryapp.tlog\link.command.1.tlog
e:\stuff\doxs\atm\anul 4\licenta\recover\recoveryapp\recoveryapp\debug\recoveryapp.tlog\link.read.1.tlog
e:\stuff\doxs\atm\anul 4\licenta\recover\recoveryapp\recoveryapp\debug\recoveryapp.tlog\link.write.1.tlog
